<?xml version="1.0" encoding="UTF-8"?>
<!-- Generated by org.testng.reporters.JUnitReportReporter -->
<testsuite hostname="2BBX5T3" failures="0" tests="1" name="BrowserLaunching" time="7.241" errors="0" timestamp="13 Jun 2023 07:28:10 GMT">
  <testcase classname="BrowserLaunching" name="funA" time="7.241"/>
</testsuite> <!-- BrowserLaunching -->
