<?xml version="1.0" encoding="UTF-8"?>
<!-- Generated by org.testng.reporters.JUnitReportReporter -->
<testsuite hostname="2BBX5T3" failures="0" tests="1" name="Tests.BookingFlightTicketPage" time="5.828" errors="0" timestamp="14 Jun 2023 08:32:31 GMT">
  <testcase classname="Tests.BookingFlightTicketPage" name="loginSetup" time="5.828"/>
</testsuite> <!-- Tests.BookingFlightTicketPage -->
