<?xml version="1.0" encoding="UTF-8"?>
<!-- Generated by org.testng.reporters.JUnitReportReporter -->
<testsuite hostname="2BBX5T3" failures="0" tests="1" name="Tests.BookingFlightTicketTest" time="26.764" errors="0" timestamp="14 Jun 2023 08:57:43 GMT">
  <testcase classname="Tests.BookingFlightTicketTest" name="bookingATicket" time="26.764"/>
</testsuite> <!-- Tests.BookingFlightTicketTest -->
